<?xml version="1.0" encoding="UTF-8"?>
<testng-results skipped="0" failed="0" ignored="0" total="1" passed="1">
  <reporter-output>
  </reporter-output>
  <suite name="Default suite" duration-ms="41059" started-at="2019-04-26T06:44:05Z" finished-at="2019-04-26T06:44:46Z">
    <groups>
    </groups>
    <test name="Default test" duration-ms="41059" started-at="2019-04-26T06:44:05Z" finished-at="2019-04-26T06:44:46Z">
      <class name="demo.Sample">
        <test-method status="PASS" signature="scenario1()[pri:0, instance:demo.Sample@675d3402]" name="scenario1" duration-ms="41013" started-at="2019-04-26T06:44:05Z" finished-at="2019-04-26T06:44:46Z">
          <reporter-output>
          </reporter-output>
        </test-method> <!-- scenario1 -->
      </class> <!-- demo.Sample -->
    </test> <!-- Default test -->
  </suite> <!-- Default suite -->
</testng-results>
